<?xml version="1.0" encoding="UTF-8"?>
<testsuite name="hello.ReadingApplicationTests" tests="1" skipped="0" failures="0" errors="0" timestamp="2024-11-25T05:45:16" hostname="LIN-B0XFBK3" time="0.825">
  <properties/>
  <testcase name="contextLoads()" classname="hello.ReadingApplicationTests" time="0.825"/>
  <system-out><![CDATA[11:15:13.443 [Test worker] INFO org.springframework.test.context.support.AnnotationConfigContextLoaderUtils -- Could not detect default configuration classes for test class [hello.ReadingApplicationTests]: ReadingApplicationTests does not declare any static, non-private, non-final, nested classes annotated with @Configuration.
11:15:13.537 [Test worker] INFO org.springframework.boot.test.context.SpringBootTestContextBootstrapper -- Found @SpringBootConfiguration hello.ReadingApplication for test class hello.ReadingApplicationTests
  .   ____          _            __ _ _
 /\\ / ___'_ __ _ _(_)_ __  __ _ \ \ \ \
( ( )\___ | '_ | '_| | '_ \/ _` | \ \ \ \
 \\/  ___)| |_)| | | | | || (_| |  ) ) ) )
  '  |____| .__|_| |_|_| |_\__, | / / / /
 =========|_|==============|___/=/_/_/_/

 :: Spring Boot ::                (v3.3.0)

2024-11-25T11:15:14.059+05:30  INFO 17796 --- [    Test worker] hello.ReadingApplicationTests            : Starting ReadingApplicationTests using Java 19.0.2 with PID 17796 (started by skuma292 in C:\Sharath\java\New folder\gs-cloud-circuit-breaker-main\complete\reading)
2024-11-25T11:15:14.061+05:30  INFO 17796 --- [    Test worker] hello.ReadingApplicationTests            : No active profile set, falling back to 1 default profile: "default"
2024-11-25T11:15:14.939+05:30  INFO 17796 --- [    Test worker] o.s.cloud.context.scope.GenericScope     : BeanFactory id=862da087-9185-3cb6-bd4d-02afca51d5a0
2024-11-25T11:15:16.017+05:30  INFO 17796 --- [    Test worker] hello.ReadingApplicationTests            : Started ReadingApplicationTests in 2.304 seconds (process running for 3.532)
]]></system-out>
  <system-err><![CDATA[]]></system-err>
</testsuite>
