<?xml version="1.0" encoding="UTF-8"?>
<testsuite name="hello.BookstoreApplicationTests" tests="1" skipped="0" failures="0" errors="0" timestamp="2024-11-25T05:36:50" hostname="LIN-B0XFBK3" time="0.822">
  <properties/>
  <testcase name="contextLoads()" classname="hello.BookstoreApplicationTests" time="0.822"/>
  <system-out><![CDATA[11:06:48.817 [Test worker] INFO org.springframework.test.context.support.AnnotationConfigContextLoaderUtils -- Could not detect default configuration classes for test class [hello.BookstoreApplicationTests]: BookstoreApplicationTests does not declare any static, non-private, non-final, nested classes annotated with @Configuration.
11:06:48.915 [Test worker] INFO org.springframework.boot.test.context.SpringBootTestContextBootstrapper -- Found @SpringBootConfiguration hello.BookstoreApplication for test class hello.BookstoreApplicationTests
  .   ____          _            __ _ _
 /\\ / ___'_ __ _ _(_)_ __  __ _ \ \ \ \
( ( )\___ | '_ | '_| | '_ \/ _` | \ \ \ \
 \\/  ___)| |_)| | | | | || (_| |  ) ) ) )
  '  |____| .__|_| |_|_| |_\__, | / / / /
 =========|_|==============|___/=/_/_/_/

 :: Spring Boot ::                (v3.3.0)

2024-11-25T11:06:49.294+05:30  INFO 13628 --- [    Test worker] hello.BookstoreApplicationTests          : Starting BookstoreApplicationTests using Java 19.0.2 with PID 13628 (started by skuma292 in C:\Sharath\java\New folder\gs-cloud-circuit-breaker-main\complete\bookstore)
2024-11-25T11:06:49.295+05:30  INFO 13628 --- [    Test worker] hello.BookstoreApplicationTests          : No active profile set, falling back to 1 default profile: "default"
2024-11-25T11:06:50.467+05:30  INFO 13628 --- [    Test worker] hello.BookstoreApplicationTests          : Started BookstoreApplicationTests in 1.38 seconds (process running for 2.583)
]]></system-out>
  <system-err><![CDATA[]]></system-err>
</testsuite>
